// Spring Shell 1.2.0.RELEASE log opened at 2017-10-01 09:53:32
q
// Spring Shell 1.2.0.RELEASE log closed at 2017-10-01 09:53:38
// Spring Shell 1.2.0.RELEASE log opened at 2017-10-01 09:53:46
help
wg
hello --name Siarhei
wg --url http://some.url.com
// Spring Shell 1.2.0.RELEASE log opened at 2017-10-01 10:15:43
q
// Spring Shell 1.2.0.RELEASE log closed at 2017-10-01 10:15:49
// Spring Shell 1.2.0.RELEASE log opened at 2017-10-01 10:16:42
q
// Spring Shell 1.2.0.RELEASE log closed at 2017-10-01 10:16:46
// Spring Shell 1.2.0.RELEASE log opened at 2017-10-01 10:19:17
// Spring Shell 1.2.0.RELEASE log opened at 2017-10-01 10:19:38
// Spring Shell 1.2.0.RELEASE log opened at 2017-10-01 10:19:55
// Spring Shell 1.2.0.RELEASE log opened at 2017-10-01 10:30:06
q
// Spring Shell 1.2.0.RELEASE log closed at 2017-10-01 10:30:10
// Spring Shell 1.2.0.RELEASE log opened at 2017-10-01 10:32:03
q
// Spring Shell 1.2.0.RELEASE log closed at 2017-10-01 10:32:06
// Spring Shell 1.2.0.RELEASE log opened at 2017-10-01 10:35:05
q
// Spring Shell 1.2.0.RELEASE log closed at 2017-10-01 10:35:07
// Siarhei Blashuk 1.2.0.RELEASE log opened at 2017-10-01 10:40:41
q
// Siarhei Blashuk 1.2.0.RELEASE log closed at 2017-10-01 10:40:51
// Siarhei Blashuk 1.2.0.RELEASE log opened at 2017-10-01 10:44:02
// Siarhei Blashuk 1.2.0.RELEASE log opened at 2017-10-01 10:47:58
// Siarhei Blashuk 1.2.0.RELEASE log opened at 2017-10-01 10:49:24
// Siarhei Blashuk 1.2.0.RELEASE log opened at 2017-10-01 10:49:56
// Siarhei Blashuk 1.2.0.RELEASE log opened at 2017-10-01 10:52:17
// Siarhei Blashuk 1.2.0.RELEASE log opened at 2017-10-01 10:53:26
// Siarhei Blashuk 1.2.0.RELEASE log opened at 2017-10-01 10:55:46
// Siarhei Blashuk 1.2.0.RELEASE log opened at 2017-10-01 10:55:57
// Siarhei Blashuk 1.2.0.RELEASE log opened at 2017-10-01 10:57:16
// Siarhei Blashuk 1.2.0.RELEASE log opened at 2017-10-01 10:58:28
// Siarhei Blashuk 1.2.0.RELEASE log opened at 2017-10-01 11:00:15
// Siarhei Blashuk
 1.2.0.RELEASE log opened at 2017-10-01 11:02:05
// Siarhei Blashuk\n 1.2.0.RELEASE log opened at 2017-10-01 11:02:58
// Siarhei Blashuk
 1.2.0.RELEASE log opened at 2017-10-01 11:06:26
// Siarhei Blashuk
 1.2.0.RELEASE log opened at 2017-10-01 11:06:47
// Siarhei Blashuk
 1.2.0.RELEASE log opened at 2017-10-01 11:06:59
// Siarhei Blashuk
 1.2.0.RELEASE log opened at 2017-10-01 11:08:26
// Siarhei Blashuk
 1.2.0.RELEASE log opened at 2017-10-01 11:09:15
// Siarhei Blashuk
 1.2.0.RELEASE log opened at 2017-10-01 11:21:52
help
user --id 1
// Siarhei Blashuk
 1.2.0.RELEASE log opened at 2017-10-01 11:23:22
users
// Siarhei Blashuk
 1.2.0.RELEASE log opened at 2017-10-01 11:27:04
users
// Siarhei Blashuk
 1.2.0.RELEASE log opened at 2017-10-01 11:27:32
help
users
// Siarhei Blashuk
 1.2.0.RELEASE log opened at 2017-10-01 11:27:57
users
// Siarhei Blashuk
 1.2.0.RELEASE log opened at 2017-10-01 11:39:04
help
users --all
user
users --id 0
users --email Bob_Bob@epam.com
users --email Bob_Bob@epam.com
users --email Bob_Bob@epam.com
// Siarhei Blashuk
 1.2.0.RELEASE log opened at 2017-10-01 11:49:30
help
// Siarhei Blashuk
 1.2.0.RELEASE log opened at 2017-10-01 11:54:45
create-user --firstName 1 --lastName 2 --email 3 --birthday 1999-03-12
// Siarhei Blashuk
 1.2.0.RELEASE log opened at 2017-10-01 11:56:10
create-user --firstName 1 --lastName 2 --email 3 --birthday 1999-03-12
users
rm-user --id 2
clear
cls
users
// Siarhei Blashuk
 1.2.0.RELEASE log opened at 2017-10-01 12:41:45
help
// [failed] events
// Siarhei Blashuk
 1.2.0.RELEASE log opened at 2017-10-01 12:46:09
// [failed] events
// Siarhei Blashuk
 1.2.0.RELEASE log opened at 2017-10-01 12:47:04
events
// Siarhei Blashuk
 1.2.0.RELEASE log opened at 2017-10-01 12:48:28
events
// Siarhei Blashuk
 1.2.0.RELEASE log opened at 2017-10-01 12:52:05
// Siarhei Blashuk
 1.2.0.RELEASE log opened at 2017-10-01 12:52:33
// [failed] auditoriums
// Siarhei Blashuk
 1.2.0.RELEASE log opened at 2017-10-01 12:52:51
// Siarhei Blashuk
 1.2.0.RELEASE log opened at 2017-10-01 12:54:05
auditoriums
auditoriums --id 0
// Siarhei Blashuk
 1.2.0.RELEASE log opened at 2017-10-01 13:33:21
auditoriums
create-auditorium --name middle --seats 5 --email 1,2,3,4
auditoriums
clear
// Siarhei Blashuk
 1.2.0.RELEASE log opened at 2017-10-01 13:44:17
events
// Siarhei Blashuk
 1.2.0.RELEASE log opened at 2017-10-01 13:47:55
events
auditoriums
add-event-auditorium --eventId 0 --auditoriumId 0 --time 2007-12-03T10:15:30
events
// Siarhei Blashuk
 1.2.0.RELEASE log opened at 2017-10-01 13:52:13
events
// Siarhei Blashuk
 1.2.0.RELEASE log opened at 2017-10-01 13:52:44
events
